SF:lib\features\scan\logic\price_tag_parser.dart
DA:2,3
DA:10,6
DA:12,1
DA:13,1
DA:14,1
DA:19,0
DA:22,0
DA:25,0
DA:26,0
DA:27,0
DA:29,0
DA:33,3
DA:34,3
DA:35,3
DA:39,3
DA:40,3
DA:45,4
DA:46,2
DA:47,2
DA:48,2
DA:49,2
DA:57,2
DA:58,8
DA:59,0
DA:62,1
DA:65,2
DA:71,2
DA:77,3
DA:79,3
DA:80,3
DA:81,3
DA:82,6
DA:83,3
DA:86,3
DA:87,3
DA:88,3
DA:92,5
DA:93,4
DA:95,2
DA:99,3
DA:100,2
DA:103,2
DA:104,2
DA:105,0
DA:107,0
DA:110,2
DA:113,3
DA:114,3
DA:115,5
DA:116,10
DA:118,2
DA:121,7
DA:125,2
DA:126,2
DA:127,2
DA:128,2
DA:129,2
DA:130,2
DA:131,2
LF:59
LH:50
end_of_record
SF:lib\features\scan\logic\shelf_estimator.dart
DA:2,3
DA:12,9
DA:16,0
DA:18,9
DA:19,3
DA:30,3
DA:39,3
DA:48,3
DA:59,3
DA:60,3
DA:65,9
DA:66,3
DA:67,6
DA:68,6
DA:69,2
DA:72,6
DA:73,2
DA:79,3
DA:87,6
DA:88,2
DA:95,1
DA:96,2
DA:97,1
DA:98,1
DA:99,1
DA:100,1
DA:103,3
DA:104,3
DA:105,6
DA:106,3
LF:30
LH:29
end_of_record
SF:lib\features\community_feedback\logic\feedback_rate_limiter.dart
DA:2,1
DA:12,0
DA:14,1
DA:20,1
DA:21,3
DA:22,2
DA:30,1
DA:31,4
DA:32,1
LF:9
LH:8
end_of_record
SF:lib\features\scan\logic\gemini_product_parser.dart
DA:9,0
DA:27,0
DA:28,0
DA:29,0
DA:30,0
DA:31,0
DA:32,0
DA:33,0
DA:35,0
DA:36,0
DA:39,0
DA:40,0
DA:41,0
DA:43,0
DA:44,0
DA:46,0
DA:47,0
DA:49,0
DA:50,0
DA:52,0
DA:53,0
DA:55,0
DA:56,0
DA:58,0
DA:61,0
DA:66,3
DA:78,3
DA:79,3
DA:80,6
DA:84,3
DA:85,6
DA:93,3
DA:94,3
DA:96,6
DA:100,3
DA:101,3
DA:103,0
DA:104,0
DA:108,3
DA:109,3
DA:111,6
DA:116,3
DA:117,3
DA:119,9
DA:122,3
DA:130,0
DA:131,0
DA:134,0
DA:135,0
DA:138,0
DA:139,0
DA:140,0
DA:142,0
DA:147,0
DA:148,0
DA:149,0
DA:150,0
DA:151,0
DA:152,0
DA:153,0
LF:60
LH:18
end_of_record
SF:lib\features\profile\domain\dietary_restriction.dart
DA:24,1
DA:26,1
DA:28,1
DA:30,1
DA:32,1
DA:34,1
DA:36,0
DA:42,1
DA:44,1
DA:46,1
DA:48,1
DA:50,1
DA:52,1
DA:54,0
DA:60,1
DA:62,1
DA:64,1
DA:66,1
DA:68,1
DA:70,1
DA:72,0
LF:21
LH:18
end_of_record
SF:lib\features\profile\domain\user_health_profile.dart
DA:5,2
DA:15,0
DA:20,0
DA:21,0
DA:22,0
DA:23,0
DA:27,0
DA:28,0
DA:29,0
DA:30,0
DA:31,0
DA:35,0
DA:36,0
DA:38,0
DA:39,0
DA:40,0
DA:42,0
DA:49,0
DA:50,0
DA:51,0
DA:52,0
DA:56,0
DA:57,0
DA:58,0
DA:60,0
LF:25
LH:1
end_of_record
SF:lib\features\profile\logic\profile_match_engine.dart
DA:9,0
DA:11,6
DA:12,2
DA:31,2
DA:46,2
DA:72,2
DA:88,2
DA:111,6
DA:121,6
DA:122,2
DA:123,2
DA:124,2
DA:125,2
DA:126,2
DA:129,2
DA:133,4
DA:140,2
DA:141,2
DA:142,2
DA:143,6
DA:144,6
DA:146,4
DA:147,4
DA:149,4
DA:150,4
DA:153,4
DA:154,4
DA:161,2
DA:162,4
DA:166,2
DA:169,2
DA:175,2
DA:176,2
DA:177,4
DA:178,2
DA:181,2
DA:183,2
DA:185,1
DA:187,1
DA:189,0
DA:191,0
DA:193,0
LF:42
LH:38
end_of_record
SF:lib\features\scan\logic\product_recognition_flow.dart
DA:4,2
DA:17,2
DA:21,2
DA:22,4
DA:23,2
DA:30,4
DA:31,0
DA:34,2
DA:35,2
DA:36,2
LF:10
LH:9
end_of_record
SF:lib\features\profile\domain\profile_match_result.dart
DA:5,2
DA:17,6
DA:18,4
LF:3
LH:3
end_of_record
SF:lib\features\shopping_list\data\shopping_list_repository.dart
DA:7,2
DA:9,6
DA:16,0
DA:17,3
DA:19,1
DA:20,1
DA:21,2
DA:22,1
DA:23,1
DA:24,1
DA:25,1
DA:26,1
DA:29,1
DA:30,1
DA:31,1
DA:32,1
DA:33,3
DA:36,1
DA:38,2
DA:39,3
DA:40,1
DA:43,0
DA:44,0
DA:45,0
DA:46,0
DA:47,0
DA:48,0
DA:49,0
DA:52,0
DA:53,0
DA:54,0
DA:55,0
DA:58,1
DA:59,1
DA:60,1
DA:62,3
DA:63,1
DA:64,2
DA:65,1
DA:66,1
DA:68,1
DA:70,5
DA:71,3
DA:72,1
DA:76,1
DA:77,2
DA:78,3
DA:79,1
DA:82,1
DA:84,1
DA:85,2
DA:86,2
DA:87,1
LF:53
LH:41
end_of_record
SF:lib\features\shopping_list\data\shopping_list_local_store.dart
DA:10,1
DA:11,1
DA:12,1
DA:13,0
DA:14,0
DA:15,0
DA:17,0
DA:18,0
DA:19,0
DA:22,1
DA:23,1
DA:24,4
DA:25,2
LF:13
LH:7
end_of_record
SF:lib\features\shopping_list\domain\shopping_list_item.dart
DA:2,1
DA:14,1
DA:20,1
DA:21,1
DA:22,1
DA:23,0
DA:24,1
DA:28,1
DA:29,1
DA:30,1
DA:31,1
DA:32,1
DA:33,2
DA:37,0
DA:38,0
DA:39,0
DA:40,0
DA:41,0
DA:42,0
DA:43,0
LF:20
LH:12
end_of_record
SF:lib\features\shopping_list\logic\shopping_list_voice_parser.dart
DA:1,1
DA:2,1
DA:3,1
DA:4,1
DA:6,2
DA:7,1
DA:10,2
DA:11,2
DA:12,1
DA:14,3
DA:17,1
DA:18,2
DA:19,1
DA:22,1
DA:23,1
DA:24,1
DA:25,1
LF:17
LH:17
end_of_record
SF:lib\app.dart
DA:6,1
DA:8,1
DA:11,1
DA:13,1
DA:22,1
DA:24,1
DA:26,1
DA:27,1
DA:28,1
DA:33,1
DA:34,1
LF:11
LH:11
end_of_record
SF:lib\app_entry.dart
DA:12,1
DA:14,1
DA:15,1
DA:19,1
DA:21,1
DA:22,1
DA:23,3
DA:24,1
DA:25,2
DA:27,1
DA:28,0
DA:29,0
DA:34,4
DA:35,3
DA:37,4
DA:38,3
DA:40,2
DA:43,1
DA:44,3
DA:47,1
DA:49,3
DA:50,1
DA:53,1
DA:55,1
DA:56,1
DA:57,1
DA:58,1
DA:59,1
DA:66,1
LF:29
LH:27
end_of_record
SF:lib\core\accessibility\smart_assistant.dart
DA:7,0
DA:9,0
DA:14,0
DA:17,0
DA:18,0
DA:19,0
DA:23,0
DA:29,0
DA:32,0
DA:38,0
DA:41,0
DA:46,0
DA:49,0
DA:55,0
DA:58,0
DA:63,0
DA:66,0
DA:73,0
DA:76,0
DA:83,0
DA:88,0
DA:90,0
DA:92,0
DA:97,0
DA:99,0
DA:101,0
DA:106,0
DA:108,0
DA:110,0
DA:115,0
DA:117,0
DA:119,0
DA:124,0
DA:125,0
LF:34
LH:0
end_of_record
SF:lib\features\home\home_screen.dart
DA:20,1
DA:22,0
DA:23,0
DA:33,0
DA:35,0
DA:36,0
DA:37,0
DA:40,0
DA:42,0
DA:43,0
DA:44,0
DA:49,0
DA:50,0
DA:53,0
DA:55,0
DA:56,0
DA:57,0
DA:60,0
DA:61,0
DA:62,0
DA:63,0
DA:68,0
DA:69,0
DA:70,0
DA:71,0
DA:76,0
DA:77,0
DA:78,0
DA:79,0
DA:84,0
DA:85,0
DA:86,0
DA:87,0
DA:92,0
DA:94,0
DA:98,0
DA:99,0
DA:100,0
DA:107,0
DA:108,0
DA:109,0
DA:110,0
DA:111,0
DA:112,0
DA:115,0
DA:116,0
DA:117,0
DA:118,0
DA:119,0
DA:122,0
DA:123,0
DA:127,0
DA:128,0
DA:130,0
DA:132,0
DA:134,0
DA:135,0
DA:136,0
DA:137,0
DA:139,0
DA:140,0
DA:141,0
DA:142,0
DA:144,0
DA:145,0
DA:146,0
DA:147,0
DA:149,0
DA:150,0
DA:151,0
DA:152,0
DA:154,0
DA:159,0
DA:162,0
DA:163,0
DA:164,0
DA:165,0
DA:167,0
DA:168,0
DA:169,0
DA:170,0
DA:171,0
DA:173,0
DA:174,0
DA:175,0
DA:176,0
DA:177,0
DA:179,0
DA:180,0
DA:181,0
DA:182,0
DA:184,0
DA:185,0
DA:186,0
DA:188,0
DA:189,0
DA:190,0
DA:192,0
DA:193,0
DA:199,0
DA:203,0
DA:206,0
DA:207,0
DA:208,0
DA:213,0
DA:217,0
DA:218,0
DA:219,0
DA:220,0
DA:223,0
DA:224,0
DA:225,0
DA:228,0
DA:231,0
DA:232,0
DA:233,0
DA:234,0
DA:235,0
DA:238,0
DA:239,0
DA:243,0
DA:244,0
DA:245,0
DA:246,0
DA:248,0
DA:251,0
DA:252,0
DA:254,0
DA:259,0
DA:260,0
DA:261,0
DA:264,0
DA:268,0
DA:269,0
DA:274,0
DA:275,0
DA:278,0
DA:279,0
DA:280,0
DA:281,0
DA:284,0
DA:285,0
DA:288,0
DA:290,0
DA:291,0
DA:292,0
DA:294,0
DA:295,0
DA:296,0
DA:302,0
DA:303,0
DA:305,0
DA:307,0
DA:309,0
DA:311,0
DA:315,0
DA:319,0
DA:323,0
DA:327,0
DA:331,0
DA:332,0
DA:335,0
DA:339,0
DA:343,0
DA:347,0
DA:352,0
DA:355,0
DA:356,0
DA:358,0
DA:359,0
DA:361,0
DA:363,0
DA:365,0
DA:366,0
DA:367,0
DA:368,0
DA:369,0
DA:372,0
DA:374,0
DA:379,0
DA:380,0
DA:381,0
DA:384,0
DA:386,0
DA:390,0
DA:391,0
DA:403,0
DA:404,0
DA:406,0
DA:407,0
DA:409,0
DA:411,0
DA:413,0
DA:414,0
DA:415,0
DA:416,0
DA:417,0
DA:420,0
DA:422,0
DA:427,0
DA:429,0
DA:432,0
DA:434,0
DA:438,0
DA:439,0
DA:446,0
DA:448,0
DA:452,0
DA:453,0
DA:460,0
DA:462,0
DA:466,0
DA:467,0
DA:468,0
DA:469,0
DA:479,0
DA:480,0
DA:482,0
DA:483,0
DA:485,0
DA:487,0
DA:489,0
DA:490,0
DA:491,0
DA:492,0
DA:493,0
DA:496,0
DA:498,0
DA:503,0
DA:505,0
DA:508,0
DA:510,0
DA:514,0
DA:515,0
DA:527,0
DA:528,0
DA:530,0
DA:531,0
DA:532,0
LF:239
LH:1
end_of_record
SF:lib\features\onboarding\onboarding_screen.dart
DA:13,1
DA:15,1
DA:16,1
DA:31,1
DA:33,1
DA:35,3
DA:36,3
DA:41,0
DA:42,0
DA:44,0
DA:48,0
DA:49,0
DA:51,0
DA:55,0
DA:56,0
DA:57,0
DA:59,0
DA:60,0
DA:61,0
DA:63,0
DA:65,0
DA:66,0
DA:68,0
DA:69,0
DA:73,0
DA:74,0
DA:75,0
DA:78,0
DA:79,0
DA:84,0
DA:85,0
DA:86,0
DA:89,0
DA:94,0
DA:95,0
DA:98,1
DA:100,1
DA:101,1
DA:103,1
DA:104,1
DA:105,1
DA:110,1
DA:111,1
DA:114,1
DA:116,1
DA:122,1
DA:123,1
DA:125,1
DA:127,1
DA:128,1
DA:130,2
DA:132,1
DA:133,1
DA:134,1
DA:135,1
DA:136,1
DA:140,1
DA:141,0
DA:143,0
DA:145,0
DA:147,0
DA:148,0
DA:155,0
DA:157,0
DA:164,1
DA:165,0
DA:167,0
DA:169,0
DA:171,0
DA:172,0
DA:175,0
DA:177,0
DA:185,1
DA:188,1
DA:189,1
DA:200,0
DA:201,0
DA:202,0
DA:203,0
DA:205,0
LF:80
LH:33
end_of_record
SF:lib\features\community_feedback\data\community_feedback_repository.dart
DA:10,1
DA:12,3
DA:20,0
DA:21,0
DA:23,1
DA:24,1
DA:25,2
DA:26,1
DA:27,1
DA:28,1
DA:29,2
DA:30,3
DA:31,1
DA:32,1
DA:35,0
DA:39,0
DA:40,0
DA:43,0
DA:47,0
DA:48,0
DA:49,0
DA:51,0
DA:52,0
DA:57,0
DA:58,0
DA:59,0
DA:60,0
DA:61,0
DA:62,0
LF:29
LH:12
end_of_record
SF:lib\features\profile\data\user_profile_repository.dart
DA:9,1
DA:11,3
DA:19,2
DA:20,2
DA:21,0
DA:23,1
DA:24,1
DA:25,3
DA:26,3
DA:27,1
DA:28,1
DA:32,0
DA:33,0
DA:35,0
DA:36,0
DA:37,0
DA:38,0
DA:39,0
DA:40,0
DA:41,0
DA:46,0
DA:47,0
DA:49,0
DA:52,0
DA:53,0
DA:54,0
DA:55,0
DA:56,0
DA:61,0
DA:62,0
LF:30
LH:10
end_of_record
SF:lib\core\accessibility\button_voice_feedback.dart
DA:8,0
DA:9,0
DA:11,0
DA:12,0
DA:15,0
DA:28,0
DA:33,0
DA:34,0
DA:35,0
DA:56,0
DA:62,0
DA:65,0
DA:66,0
DA:71,0
DA:76,0
DA:78,0
DA:81,0
DA:87,0
DA:90,0
DA:92,0
DA:99,0
DA:103,0
DA:105,0
LF:23
LH:0
end_of_record
SF:lib\core\logging\app_logger.dart
DA:6,0
DA:10,0
DA:11,0
DA:12,0
DA:13,0
DA:24,0
DA:25,0
DA:29,0
DA:30,0
DA:33,0
DA:34,0
DA:37,0
DA:38,0
DA:41,0
DA:42,0
LF:15
LH:0
end_of_record
SF:lib\core\voice\voice_feedback.dart
DA:12,1
DA:13,3
DA:22,1
DA:23,2
DA:25,0
DA:26,0
DA:28,0
DA:29,0
DA:32,0
DA:35,0
DA:38,0
DA:41,0
DA:46,0
DA:49,0
DA:51,0
DA:57,0
DA:62,0
DA:63,0
DA:67,0
DA:69,0
DA:70,0
DA:74,0
DA:75,0
DA:80,0
DA:81,0
DA:84,0
DA:86,0
DA:89,0
DA:90,0
DA:91,0
DA:94,0
DA:95,0
DA:101,0
DA:102,0
DA:103,0
DA:108,0
DA:109,0
DA:113,0
DA:114,0
DA:115,0
DA:121,0
DA:122,0
LF:42
LH:4
end_of_record
SF:lib\core\accessibility\es_accessibility.dart
DA:7,1
DA:8,1
DA:9,3
DA:12,2
DA:19,1
DA:20,1
DA:21,3
DA:25,2
DA:30,0
DA:31,0
DA:32,0
DA:35,0
DA:41,0
DA:42,0
DA:43,0
DA:55,0
DA:69,0
DA:71,0
DA:78,0
DA:80,0
DA:83,0
DA:86,0
DA:88,0
DA:91,0
DA:93,0
DA:96,0
DA:99,0
DA:110,0
DA:122,0
DA:127,0
DA:129,0
DA:136,0
DA:138,0
DA:141,0
DA:144,0
DA:146,0
DA:151,0
DA:152,0
DA:155,0
DA:167,0
DA:173,0
DA:174,0
DA:176,0
DA:179,0
DA:181,0
DA:182,0
DA:183,0
DA:185,0
DA:193,0
DA:199,0
DA:200,0
DA:203,0
DA:204,0
DA:206,0
DA:207,0
DA:208,0
DA:209,0
DA:213,0
DA:222,0
DA:225,0
DA:227,0
DA:229,0
DA:231,0
LF:63
LH:8
end_of_record
SF:lib\core\accessibility\voice_navigation_parser.dart
DA:30,0
DA:31,0
DA:35,0
DA:38,0
DA:41,0
DA:46,0
DA:49,0
DA:52,0
DA:57,0
DA:62,0
DA:67,0
DA:72,0
DA:75,0
DA:80,0
DA:85,0
DA:90,0
DA:95,0
DA:100,0
DA:105,0
DA:110,0
DA:118,0
LF:21
LH:0
end_of_record
SF:lib\core\ai\gemini_client.dart
DA:12,0
DA:13,0
DA:15,0
DA:16,0
DA:17,0
DA:18,0
DA:19,0
DA:20,0
DA:21,0
DA:31,0
DA:33,0
DA:38,0
DA:39,0
DA:40,0
DA:43,0
DA:44,0
DA:47,0
DA:48,0
DA:49,0
DA:53,0
DA:58,0
DA:63,0
DA:64,0
DA:65,0
DA:66,0
DA:68,0
DA:70,0
DA:75,0
DA:76,0
DA:77,0
DA:78,0
DA:79,0
DA:80,0
DA:81,0
DA:91,0
DA:97,0
DA:98,0
DA:99,0
DA:102,0
DA:103,0
DA:106,0
DA:107,0
DA:108,0
DA:112,0
DA:117,0
DA:118,0
DA:119,0
DA:120,0
DA:122,0
DA:125,0
DA:131,0
LF:51
LH:0
end_of_record
SF:lib\core\api\api_client.dart
DA:6,0
DA:7,0
DA:11,0
DA:14,0
DA:15,0
DA:17,0
DA:19,0
DA:20,0
DA:22,0
DA:23,0
DA:27,0
DA:30,0
DA:34,0
DA:35,0
DA:38,0
DA:40,0
DA:43,0
DA:45,0
LF:18
LH:0
end_of_record
SF:lib\core\api\retry_interceptor.dart
DA:17,0
DA:25,0
DA:26,0
DA:28,0
DA:29,0
DA:30,0
DA:31,0
DA:32,0
DA:38,0
DA:40,0
DA:41,0
DA:47,0
DA:50,0
DA:52,0
DA:53,0
DA:54,0
DA:55,0
DA:57,0
DA:60,0
DA:62,0
DA:63,0
DA:65,0
DA:66,0
DA:67,0
DA:68,0
DA:71,0
DA:72,0
DA:73,0
DA:75,0
DA:76,0
DA:79,0
DA:80,0
DA:82,0
DA:86,0
DA:89,0
DA:90,0
DA:91,0
DA:92,0
DA:93,0
DA:94,0
LF:40
LH:0
end_of_record
SF:lib\core\voice\speech_priority.dart
DA:16,0
DA:18,0
DA:19,0
DA:20,0
DA:25,0
DA:27,0
DA:28,0
DA:29,0
DA:33,0
DA:35,0
DA:36,0
DA:37,0
LF:12
LH:0
end_of_record
SF:lib\core\voice\stt_service.dart
DA:10,1
DA:11,3
DA:16,0
DA:17,0
DA:20,0
DA:21,0
DA:23,0
DA:24,0
DA:25,0
DA:30,0
DA:31,0
DA:32,0
DA:34,0
DA:35,0
DA:39,0
DA:42,0
DA:48,0
DA:53,0
DA:56,0
DA:61,0
DA:67,0
DA:68,0
DA:70,0
DA:72,0
DA:73,0
DA:78,0
DA:80,0
DA:84,0
DA:85,0
DA:86,0
DA:90,0
DA:91,0
DA:92,0
LF:33
LH:2
end_of_record
SF:lib\core\voice\tts_service.dart
DA:8,1
DA:10,3
DA:16,0
DA:17,0
DA:19,1
DA:20,1
DA:22,2
DA:23,0
DA:24,0
DA:25,0
DA:27,0
DA:28,0
DA:30,0
DA:31,0
DA:33,0
DA:34,0
DA:37,0
DA:38,0
DA:40,0
DA:46,1
DA:50,2
DA:51,0
DA:52,0
DA:54,0
DA:56,0
DA:57,0
DA:61,0
DA:62,0
DA:63,0
DA:64,0
DA:65,0
DA:66,0
DA:67,0
DA:70,0
LF:34
LH:7
end_of_record
SF:lib\features\community_feedback\community_feedback_screen.dart
DA:9,1
DA:11,0
DA:12,0
DA:23,0
DA:25,0
DA:26,0
DA:29,0
DA:31,0
DA:32,0
DA:33,0
DA:36,0
DA:37,0
DA:40,0
DA:41,0
DA:42,0
DA:44,0
DA:45,0
DA:46,0
DA:47,0
DA:50,0
DA:51,0
DA:53,0
DA:57,0
DA:58,0
DA:59,0
DA:61,0
DA:62,0
DA:63,0
DA:66,0
DA:67,0
DA:68,0
DA:71,0
DA:72,0
DA:74,0
DA:78,0
DA:80,0
DA:81,0
DA:82,0
DA:84,0
DA:85,0
DA:86,0
DA:87,0
DA:89,0
DA:90,0
DA:92,0
DA:97,0
DA:98,0
DA:100,0
DA:101,0
DA:103,0
DA:106,0
DA:107,0
DA:109,0
DA:117,0
DA:118,0
DA:128,0
DA:131,0
DA:132,0
DA:135,0
DA:138,0
DA:139,0
DA:142,0
DA:144,0
DA:145,0
DA:147,0
DA:148,0
DA:150,0
DA:151,0
LF:68
LH:1
end_of_record
SF:lib\features\community_feedback\domain\feedback_type.dart
DA:8,0
DA:10,0
DA:12,0
DA:14,0
DA:19,0
DA:21,0
DA:23,0
DA:25,0
DA:30,0
DA:31,0
DA:32,0
LF:11
LH:0
end_of_record
SF:lib\features\community_feedback\data\community_feedback_firestore_sync.dart
DA:10,0
DA:12,0
DA:13,0
DA:15,0
DA:16,0
DA:19,0
DA:20,0
DA:21,0
DA:22,0
DA:23,0
DA:26,0
DA:30,1
DA:33,2
DA:35,0
DA:36,0
DA:37,0
DA:38,0
DA:39,0
DA:41,0
DA:42,0
DA:43,0
DA:44,0
DA:45,0
DA:46,0
DA:47,0
DA:49,0
DA:51,0
LF:27
LH:2
end_of_record
SF:lib\features\community_feedback\domain\community_feedback_entry.dart
DA:4,0
DA:16,0
DA:17,0
DA:18,0
DA:19,0
DA:20,0
DA:21,0
DA:25,0
DA:26,0
DA:27,0
DA:28,0
DA:29,0
DA:30,0
DA:31,0
LF:14
LH:0
end_of_record
SF:lib\features\community_feedback\data\community_feedback_local_store.dart
DA:11,1
DA:12,1
DA:13,1
DA:14,0
DA:15,0
DA:16,0
DA:18,0
DA:19,0
DA:20,0
DA:23,0
DA:24,0
DA:25,0
DA:26,0
DA:29,1
DA:30,1
DA:31,1
DA:33,1
DA:34,1
DA:35,1
DA:38,0
DA:39,0
DA:40,0
DA:41,0
LF:23
LH:9
end_of_record
SF:lib\features\profile\profile_edit_screen.dart
DA:13,1
DA:15,0
DA:16,0
DA:27,0
DA:29,0
DA:30,0
DA:31,0
DA:32,0
DA:35,0
DA:36,0
DA:37,0
DA:39,0
DA:40,0
DA:41,0
DA:43,0
DA:44,0
DA:46,0
DA:47,0
DA:48,0
DA:51,0
DA:52,0
DA:53,0
DA:55,0
DA:56,0
DA:57,0
DA:61,0
DA:65,0
DA:66,0
DA:69,0
DA:71,0
DA:73,0
DA:74,0
DA:75,0
DA:80,0
DA:81,0
DA:84,0
DA:86,0
DA:92,0
DA:93,0
DA:95,0
DA:97,0
DA:98,0
DA:100,0
DA:101,0
DA:102,0
DA:105,0
DA:106,0
DA:107,0
DA:108,0
DA:109,0
DA:110,0
DA:114,0
DA:116,0
DA:119,0
DA:120,0
LF:55
LH:1
end_of_record
SF:lib\features\scan\scan_screen.dart
DA:16,1
DA:18,0
DA:19,0
DA:35,0
DA:37,0
DA:38,0
DA:40,0
DA:41,0
DA:42,0
DA:43,0
DA:46,0
DA:49,0
DA:50,0
DA:51,0
DA:52,0
DA:53,0
DA:58,0
DA:60,0
DA:64,0
DA:67,0
DA:69,0
DA:70,0
DA:73,0
DA:76,0
DA:77,0
DA:78,0
DA:79,0
DA:81,0
DA:82,0
DA:86,0
DA:88,0
DA:89,0
DA:91,0
DA:92,0
DA:93,0
DA:94,0
DA:95,0
DA:98,0
DA:99,0
DA:101,0
DA:106,0
DA:107,0
DA:108,0
DA:110,0
DA:111,0
DA:112,0
DA:113,0
DA:114,0
DA:115,0
DA:119,0
DA:121,0
DA:123,0
DA:128,0
DA:129,0
DA:133,0
DA:137,0
DA:140,0
DA:142,0
DA:143,0
DA:146,0
DA:148,0
DA:149,0
DA:150,0
DA:153,0
DA:155,0
DA:161,0
DA:163,0
DA:167,0
DA:170,0
DA:172,0
DA:176,0
DA:177,0
DA:178,0
DA:180,0
DA:183,0
DA:186,0
DA:187,0
DA:188,0
DA:189,0
DA:191,0
DA:194,0
DA:200,0
DA:203,0
DA:205,0
DA:206,0
DA:207,0
DA:208,0
DA:210,0
DA:213,0
DA:214,0
DA:217,0
DA:223,0
DA:224,0
DA:225,0
DA:229,0
DA:232,0
DA:234,0
DA:235,0
DA:237,0
DA:239,0
DA:241,0
DA:243,0
DA:245,0
DA:247,0
DA:249,0
DA:250,0
DA:260,0
DA:261,0
DA:264,0
DA:266,0
DA:272,0
DA:273,0
DA:274,0
DA:275,0
DA:276,0
DA:277,0
LF:116
LH:1
end_of_record
SF:lib\features\shopping_list\shopping_list_screen.dart
DA:8,1
DA:10,0
DA:11,0
DA:17,0
DA:19,0
DA:20,0
DA:23,0
DA:25,0
DA:26,0
DA:29,0
DA:30,0
DA:33,0
DA:35,0
DA:36,0
DA:38,0
DA:39,0
DA:42,0
DA:43,0
DA:44,0
DA:45,0
DA:47,0
DA:54,0
DA:55,0
DA:56,0
DA:57,0
DA:58,0
DA:59,0
DA:60,0
DA:61,0
DA:62,0
DA:63,0
DA:64,0
DA:65,0
DA:68,0
DA:70,0
DA:71,0
DA:72,0
DA:73,0
LF:38
LH:1
end_of_record
SF:lib\features\home\logic\voice_command_parser.dart
DA:13,0
DA:14,0
DA:17,0
DA:22,0
DA:27,0
DA:29,0
DA:35,0
DA:43,0
DA:44,0
DA:45,0
LF:10
LH:0
end_of_record
SF:lib\features\profile\widgets\restriction_selector_section.dart
DA:10,1
DA:23,1
DA:25,1
DA:33,1
DA:35,1
DA:36,2
DA:37,3
DA:41,1
DA:43,2
DA:44,1
DA:47,0
DA:48,0
DA:51,0
DA:53,0
DA:55,0
DA:59,0
DA:60,0
DA:63,0
DA:65,0
DA:66,0
DA:67,0
DA:70,0
DA:75,0
DA:76,0
DA:77,0
DA:80,0
DA:85,0
DA:86,0
DA:89,0
DA:90,0
DA:94,0
DA:99,0
DA:100,0
DA:101,0
DA:102,0
DA:103,0
DA:104,0
DA:105,0
DA:106,0
DA:110,0
DA:114,1
DA:116,1
DA:117,1
DA:119,1
DA:122,1
DA:124,1
DA:125,1
DA:131,1
DA:134,1
DA:140,1
DA:142,1
DA:143,2
DA:145,2
DA:146,1
DA:148,1
DA:150,1
DA:151,1
DA:152,1
DA:153,3
DA:155,1
DA:157,3
DA:159,2
DA:165,1
DA:172,1
DA:174,1
DA:175,2
DA:177,2
DA:178,1
DA:180,1
DA:182,1
DA:183,1
DA:184,1
DA:185,3
DA:187,1
DA:189,3
DA:191,2
DA:197,3
DA:198,0
DA:199,3
DA:200,1
DA:202,1
DA:204,3
DA:205,2
DA:215,1
DA:217,3
DA:218,2
DA:219,3
DA:220,3
DA:222,1
DA:224,1
DA:226,3
DA:227,1
DA:228,0
DA:229,1
DA:231,1
DA:233,0
DA:235,1
DA:237,0
DA:238,2
DA:241,1
DA:243,0
DA:244,0
DA:245,0
DA:250,1
DA:252,1
DA:253,1
DA:254,1
DA:255,2
DA:257,0
DA:258,2
DA:262,1
DA:263,1
DA:265,1
DA:266,1
DA:267,1
DA:268,3
DA:271,0
DA:272,2
DA:276,1
DA:277,1
DA:278,3
DA:279,2
DA:290,0
DA:292,0
DA:295,1
DA:296,1
DA:298,2
DA:300,1
DA:301,1
DA:305,2
DA:309,0
DA:319,1
DA:322,0
DA:324,0
DA:326,0
DA:327,0
DA:331,0
DA:332,0
DA:334,0
DA:337,0
DA:338,0
DA:341,0
DA:343,0
DA:345,0
DA:346,0
DA:347,0
DA:348,0
DA:349,0
DA:354,0
DA:356,0
DA:359,0
DA:360,0
DA:361,0
DA:363,0
DA:364,0
DA:365,0
DA:366,0
DA:377,1
DA:379,1
DA:381,1
DA:383,1
DA:385,1
LF:162
LH:95
end_of_record
SF:lib\features\profile\data\profile_firestore_sync.dart
DA:10,0
DA:12,0
DA:13,0
DA:15,0
DA:16,0
DA:19,0
DA:20,0
DA:21,0
DA:22,0
DA:24,0
DA:27,0
LF:11
LH:0
end_of_record
SF:lib\features\profile\data\profile_local_store.dart
DA:11,1
DA:12,1
DA:13,1
DA:16,0
DA:17,0
DA:18,0
DA:21,1
DA:22,1
DA:23,1
DA:24,0
DA:25,0
DA:26,0
DA:27,0
DA:30,0
DA:31,0
DA:32,0
LF:16
LH:6
end_of_record
SF:lib\features\scan\data\barcode_cache_store.dart
DA:5,0
DA:7,0
DA:9,0
DA:10,0
DA:13,0
DA:16,0
DA:17,0
DA:18,0
DA:21,0
DA:22,0
DA:23,0
DA:26,0
DA:27,0
DA:28,0
LF:14
LH:0
end_of_record
SF:lib\features\scan\data\product_info_service.dart
DA:5,0
DA:6,0
DA:8,0
DA:9,0
DA:12,0
DA:18,0
DA:19,0
DA:20,0
DA:21,0
DA:22,0
LF:10
LH:0
end_of_record
SF:lib\features\scan\domain\scan_analyzer.dart
DA:17,0
DA:29,0
DA:30,0
DA:32,0
DA:33,0
DA:35,0
DA:36,0
DA:37,0
DA:38,0
DA:39,0
DA:41,0
DA:42,0
DA:43,0
DA:48,0
DA:49,0
DA:51,0
DA:53,0
DA:55,0
DA:58,0
DA:59,0
DA:60,0
DA:64,0
DA:65,0
DA:68,0
DA:69,0
DA:70,0
DA:74,0
DA:76,0
DA:78,0
DA:79,0
DA:81,0
DA:82,0
DA:84,0
DA:85,0
DA:88,0
DA:90,0
LF:36
LH:0
end_of_record
SF:lib\features\scan\logic\ml_kit_service.dart
DA:21,0
DA:33,0
DA:34,0
DA:35,0
DA:41,0
DA:44,0
DA:49,0
DA:51,0
DA:57,0
DA:59,0
DA:60,0
DA:61,0
DA:63,0
DA:64,0
DA:67,0
DA:68,0
DA:71,0
DA:72,0
DA:75,0
DA:76,0
DA:82,0
DA:85,0
DA:90,0
DA:92,0
DA:94,0
DA:96,0
DA:104,0
DA:106,0
DA:108,0
DA:109,0
DA:111,0
DA:114,0
DA:115,0
DA:116,0
DA:117,0
DA:119,0
DA:122,0
DA:123,0
DA:124,0
DA:125,0
DA:126,0
DA:129,0
DA:130,0
DA:132,0
DA:145,0
DA:147,0
DA:148,0
DA:151,0
DA:159,0
DA:160,0
DA:161,0
DA:162,0
DA:163,0
DA:166,0
DA:167,0
DA:168,0
DA:169,0
DA:171,0
DA:176,0
DA:177,0
DA:178,0
DA:179,0
DA:180,0
DA:182,0
DA:190,0
DA:192,0
DA:197,0
DA:198,0
DA:199,0
DA:200,0
DA:201,0
DA:202,0
DA:203,0
DA:204,0
DA:208,0
DA:209,0
DA:210,0
DA:216,0
DA:217,0
DA:218,0
LF:80
LH:0
end_of_record
